{"total": {"lines":{"total":450,"covered":444,"skipped":0,"pct":98.66},"statements":{"total":515,"covered":501,"skipped":0,"pct":97.28},"functions":{"total":127,"covered":126,"skipped":0,"pct":99.21},"branches":{"total":458,"covered":414,"skipped":0,"pct":90.39},"branchesTrue":{"total":0,"covered":0,"skipped":0,"pct":100}}
,"C:\\Users\\user\\Project\\pj\\agri-price-compare\\src\\api\\agriPriceApi.ts": {"lines":{"total":86,"covered":85,"skipped":0,"pct":98.83},"functions":{"total":16,"covered":15,"skipped":0,"pct":93.75},"statements":{"total":97,"covered":95,"skipped":0,"pct":97.93},"branches":{"total":191,"covered":175,"skipped":0,"pct":91.62}}
,"C:\\Users\\user\\Project\\pj\\agri-price-compare\\src\\components\\SearchForm.tsx": {"lines":{"total":7,"covered":7,"skipped":0,"pct":100},"functions":{"total":3,"covered":3,"skipped":0,"pct":100},"statements":{"total":7,"covered":7,"skipped":0,"pct":100},"branches":{"total":11,"covered":10,"skipped":0,"pct":90.9}}
,"C:\\Users\\user\\Project\\pj\\agri-price-compare\\src\\components\\VolatilityLineChart.tsx": {"lines":{"total":31,"covered":31,"skipped":0,"pct":100},"functions":{"total":12,"covered":12,"skipped":0,"pct":100},"statements":{"total":36,"covered":36,"skipped":0,"pct":100},"branches":{"total":20,"covered":20,"skipped":0,"pct":100}}
,"C:\\Users\\user\\Project\\pj\\agri-price-compare\\src\\components\\VolatilityPeriodLineChart.tsx": {"lines":{"total":68,"covered":68,"skipped":0,"pct":100},"functions":{"total":23,"covered":23,"skipped":0,"pct":100},"statements":{"total":81,"covered":77,"skipped":0,"pct":95.06},"branches":{"total":51,"covered":47,"skipped":0,"pct":92.15}}
,"C:\\Users\\user\\Project\\pj\\agri-price-compare\\src\\screens\\MarketPriceScreen.tsx": {"lines":{"total":1,"covered":1,"skipped":0,"pct":100},"functions":{"total":1,"covered":1,"skipped":0,"pct":100},"statements":{"total":1,"covered":1,"skipped":0,"pct":100},"branches":{"total":0,"covered":0,"skipped":0,"pct":100}}
,"C:\\Users\\user\\Project\\pj\\agri-price-compare\\src\\screens\\PriceListScreen.tsx": {"lines":{"total":15,"covered":15,"skipped":0,"pct":100},"functions":{"total":6,"covered":6,"skipped":0,"pct":100},"statements":{"total":19,"covered":19,"skipped":0,"pct":100},"branches":{"total":34,"covered":30,"skipped":0,"pct":88.23}}
,"C:\\Users\\user\\Project\\pj\\agri-price-compare\\src\\screens\\SearchScreen.tsx": {"lines":{"total":6,"covered":6,"skipped":0,"pct":100},"functions":{"total":3,"covered":3,"skipped":0,"pct":100},"statements":{"total":6,"covered":6,"skipped":0,"pct":100},"branches":{"total":8,"covered":8,"skipped":0,"pct":100}}
,"C:\\Users\\user\\Project\\pj\\agri-price-compare\\src\\screens\\VolatilityGraphScreen.tsx": {"lines":{"total":60,"covered":58,"skipped":0,"pct":96.66},"functions":{"total":13,"covered":13,"skipped":0,"pct":100},"statements":{"total":66,"covered":63,"skipped":0,"pct":95.45},"branches":{"total":35,"covered":28,"skipped":0,"pct":80}}
,"C:\\Users\\user\\Project\\pj\\agri-price-compare\\src\\store\\usePriceSearchStore.ts": {"lines":{"total":109,"covered":106,"skipped":0,"pct":97.24},"functions":{"total":24,"covered":24,"skipped":0,"pct":100},"statements":{"total":120,"covered":117,"skipped":0,"pct":97.5},"branches":{"total":51,"covered":46,"skipped":0,"pct":90.19}}
,"C:\\Users\\user\\Project\\pj\\agri-price-compare\\src\\utils\\period.ts": {"lines":{"total":4,"covered":4,"skipped":0,"pct":100},"functions":{"total":1,"covered":1,"skipped":0,"pct":100},"statements":{"total":4,"covered":4,"skipped":0,"pct":100},"branches":{"total":3,"covered":3,"skipped":0,"pct":100}}
,"C:\\Users\\user\\Project\\pj\\agri-price-compare\\src\\utils\\priceVolatility.ts": {"lines":{"total":28,"covered":28,"skipped":0,"pct":100},"functions":{"total":7,"covered":7,"skipped":0,"pct":100},"statements":{"total":34,"covered":33,"skipped":0,"pct":97.05},"branches":{"total":17,"covered":15,"skipped":0,"pct":88.23}}
,"C:\\Users\\user\\Project\\pj\\agri-price-compare\\src\\utils\\priceVolatilitySeries.ts": {"lines":{"total":28,"covered":28,"skipped":0,"pct":100},"functions":{"total":13,"covered":13,"skipped":0,"pct":100},"statements":{"total":33,"covered":32,"skipped":0,"pct":96.96},"branches":{"total":23,"covered":20,"skipped":0,"pct":86.95}}
,"C:\\Users\\user\\Project\\pj\\agri-price-compare\\src\\utils\\sortAuctionItems.ts": {"lines":{"total":7,"covered":7,"skipped":0,"pct":100},"functions":{"total":5,"covered":5,"skipped":0,"pct":100},"statements":{"total":11,"covered":11,"skipped":0,"pct":100},"branches":{"total":14,"covered":12,"skipped":0,"pct":85.71}}
}
