{"total": {"lines":{"total":450,"covered":268,"skipped":0,"pct":59.55},"statements":{"total":515,"covered":304,"skipped":0,"pct":59.02},"functions":{"total":127,"covered":70,"skipped":0,"pct":55.11},"branches":{"total":458,"covered":308,"skipped":0,"pct":67.24},"branchesTrue":{"total":0,"covered":0,"skipped":0,"pct":100}}
,"C:\\Users\\user\\Project\\pj\\agri-price-compare\\src\\api\\agriPriceApi.ts": {"lines":{"total":86,"covered":72,"skipped":0,"pct":83.72},"functions":{"total":16,"covered":11,"skipped":0,"pct":68.75},"statements":{"total":97,"covered":81,"skipped":0,"pct":83.5},"branches":{"total":191,"covered":171,"skipped":0,"pct":89.52}}
,"C:\\Users\\user\\Project\\pj\\agri-price-compare\\src\\components\\SearchForm.tsx": {"lines":{"total":7,"covered":7,"skipped":0,"pct":100},"functions":{"total":3,"covered":3,"skipped":0,"pct":100},"statements":{"total":7,"covered":7,"skipped":0,"pct":100},"branches":{"total":11,"covered":10,"skipped":0,"pct":90.9}}
,"C:\\Users\\user\\Project\\pj\\agri-price-compare\\src\\components\\VolatilityLineChart.tsx": {"lines":{"total":31,"covered":0,"skipped":0,"pct":0},"functions":{"total":12,"covered":0,"skipped":0,"pct":0},"statements":{"total":36,"covered":0,"skipped":0,"pct":0},"branches":{"total":20,"covered":0,"skipped":0,"pct":0}}
,"C:\\Users\\user\\Project\\pj\\agri-price-compare\\src\\components\\VolatilityPeriodLineChart.tsx": {"lines":{"total":68,"covered":0,"skipped":0,"pct":0},"functions":{"total":23,"covered":0,"skipped":0,"pct":0},"statements":{"total":81,"covered":0,"skipped":0,"pct":0},"branches":{"total":51,"covered":0,"skipped":0,"pct":0}}
,"C:\\Users\\user\\Project\\pj\\agri-price-compare\\src\\screens\\MarketPriceScreen.tsx": {"lines":{"total":1,"covered":0,"skipped":0,"pct":0},"functions":{"total":1,"covered":0,"skipped":0,"pct":0},"statements":{"total":1,"covered":0,"skipped":0,"pct":0},"branches":{"total":0,"covered":0,"skipped":0,"pct":100}}
,"C:\\Users\\user\\Project\\pj\\agri-price-compare\\src\\screens\\PriceListScreen.tsx": {"lines":{"total":15,"covered":15,"skipped":0,"pct":100},"functions":{"total":6,"covered":6,"skipped":0,"pct":100},"statements":{"total":19,"covered":19,"skipped":0,"pct":100},"branches":{"total":34,"covered":30,"skipped":0,"pct":88.23}}
,"C:\\Users\\user\\Project\\pj\\agri-price-compare\\src\\screens\\SearchScreen.tsx": {"lines":{"total":6,"covered":6,"skipped":0,"pct":100},"functions":{"total":3,"covered":3,"skipped":0,"pct":100},"statements":{"total":6,"covered":6,"skipped":0,"pct":100},"branches":{"total":8,"covered":8,"skipped":0,"pct":100}}
,"C:\\Users\\user\\Project\\pj\\agri-price-compare\\src\\screens\\VolatilityGraphScreen.tsx": {"lines":{"total":60,"covered":0,"skipped":0,"pct":0},"functions":{"total":13,"covered":0,"skipped":0,"pct":0},"statements":{"total":66,"covered":0,"skipped":0,"pct":0},"branches":{"total":35,"covered":0,"skipped":0,"pct":0}}
,"C:\\Users\\user\\Project\\pj\\agri-price-compare\\src\\store\\usePriceSearchStore.ts": {"lines":{"total":109,"covered":101,"skipped":0,"pct":92.66},"functions":{"total":24,"covered":21,"skipped":0,"pct":87.5},"statements":{"total":120,"covered":112,"skipped":0,"pct":93.33},"branches":{"total":51,"covered":43,"skipped":0,"pct":84.31}}
,"C:\\Users\\user\\Project\\pj\\agri-price-compare\\src\\types\\agriPrice.ts": {"lines":{"total":0,"covered":0,"skipped":0,"pct":0},"functions":{"total":0,"covered":0,"skipped":0,"pct":0},"statements":{"total":0,"covered":0,"skipped":0,"pct":0},"branches":{"total":0,"covered":0,"skipped":0,"pct":0}}
,"C:\\Users\\user\\Project\\pj\\agri-price-compare\\src\\utils\\period.ts": {"lines":{"total":4,"covered":4,"skipped":0,"pct":100},"functions":{"total":1,"covered":1,"skipped":0,"pct":100},"statements":{"total":4,"covered":4,"skipped":0,"pct":100},"branches":{"total":3,"covered":3,"skipped":0,"pct":100}}
,"C:\\Users\\user\\Project\\pj\\agri-price-compare\\src\\utils\\priceVolatility.ts": {"lines":{"total":28,"covered":28,"skipped":0,"pct":100},"functions":{"total":7,"covered":7,"skipped":0,"pct":100},"statements":{"total":34,"covered":32,"skipped":0,"pct":94.11},"branches":{"total":17,"covered":13,"skipped":0,"pct":76.47}}
,"C:\\Users\\user\\Project\\pj\\agri-price-compare\\src\\utils\\priceVolatilitySeries.ts": {"lines":{"total":28,"covered":28,"skipped":0,"pct":100},"functions":{"total":13,"covered":13,"skipped":0,"pct":100},"statements":{"total":33,"covered":32,"skipped":0,"pct":96.96},"branches":{"total":23,"covered":20,"skipped":0,"pct":86.95}}
,"C:\\Users\\user\\Project\\pj\\agri-price-compare\\src\\utils\\sortAuctionItems.ts": {"lines":{"total":7,"covered":7,"skipped":0,"pct":100},"functions":{"total":5,"covered":5,"skipped":0,"pct":100},"statements":{"total":11,"covered":11,"skipped":0,"pct":100},"branches":{"total":14,"covered":10,"skipped":0,"pct":71.42}}
}
