TN:
SF:src\api\agriPriceApi.ts
FN:15,fetchWholesaleMarkets
FN:20,(anonymous_1)
FN:32,toNumber
FN:38,toOptionalNumber
FN:44,toStr
FN:48,asArray
FN:58,extractApiResultInfo
FN:114,extractRowsFromParsedXml
FN:148,mapRow
FN:202,filterRowsByProductName
FN:211,(anonymous_10)
FN:218,fetchAuctionPrices
FN:282,fetchRecentVolatilityData
FN:301,(anonymous_13)
FN:312,(anonymous_14)
FN:315,(anonymous_15)
FNF:16
FNH:11
FNDA:4,fetchWholesaleMarkets
FNDA:0,(anonymous_1)
FNDA:25,toNumber
FNDA:24,toOptionalNumber
FNDA:328,toStr
FNDA:90,asArray
FNDA:12,extractApiResultInfo
FNDA:11,extractRowsFromParsedXml
FNDA:10,mapRow
FNDA:10,filterRowsByProductName
FNDA:6,(anonymous_10)
FNDA:9,fetchAuctionPrices
FNDA:0,fetchRecentVolatilityData
FNDA:0,(anonymous_13)
FNDA:0,(anonymous_14)
FNDA:0,(anonymous_15)
DA:6,2
DA:8,2
DA:16,4
DA:17,4
DA:20,0
DA:24,3
DA:26,2
DA:29,1
DA:33,25
DA:34,23
DA:35,23
DA:39,24
DA:40,10
DA:41,10
DA:45,328
DA:49,90
DA:50,7
DA:60,12
DA:70,12
DA:71,12
DA:72,18
DA:73,17
DA:74,17
DA:75,17
DA:76,17
DA:80,12
DA:81,83
DA:84,11
DA:92,11
DA:99,11
DA:100,11
DA:107,1
DA:115,11
DA:126,11
DA:127,76
DA:128,76
DA:132,9
DA:133,9
DA:134,14
DA:135,14
DA:136,14
DA:137,14
DA:141,4
DA:149,10
DA:150,10
DA:151,10
DA:153,10
DA:155,10
DA:206,10
DA:208,2
DA:210,2
DA:212,6
DA:225,9
DA:227,9
DA:241,9
DA:244,9
DA:245,2
DA:246,2
DA:247,1
DA:250,1
DA:251,1
DA:255,7
DA:256,6
DA:258,6
DA:259,6
DA:261,1
DA:264,5
DA:265,5
DA:269,1
DA:270,1
DA:271,1
DA:272,0
DA:275,1
DA:276,1
DA:279,0
DA:287,0
DA:289,0
DA:290,0
DA:292,0
DA:293,0
DA:295,0
DA:301,0
DA:308,0
DA:310,0
DA:313,0
DA:315,0
LF:86
LH:72
BRDA:24,0,0,1
BRDA:24,0,1,2
BRDA:26,1,0,1
BRDA:26,1,1,1
BRDA:33,2,0,2
BRDA:33,2,1,23
BRDA:35,3,0,22
BRDA:35,3,1,1
BRDA:39,4,0,14
BRDA:39,4,1,10
BRDA:39,5,0,24
BRDA:39,5,1,13
BRDA:41,6,0,10
BRDA:41,6,1,0
BRDA:45,7,0,269
BRDA:45,7,1,59
BRDA:49,8,0,83
BRDA:49,8,1,7
BRDA:50,9,0,5
BRDA:50,9,1,2
BRDA:70,10,0,12
BRDA:70,10,1,0
BRDA:70,11,0,12
BRDA:70,11,1,12
BRDA:72,12,0,1
BRDA:72,12,1,17
BRDA:72,13,0,18
BRDA:72,13,1,18
BRDA:81,14,0,72
BRDA:81,14,1,11
BRDA:81,15,0,83
BRDA:81,15,1,11
BRDA:84,16,0,11
BRDA:84,16,1,11
BRDA:84,16,2,11
BRDA:84,16,3,9
BRDA:84,16,4,9
BRDA:84,16,5,0
BRDA:92,17,0,11
BRDA:92,17,1,11
BRDA:92,17,2,11
BRDA:92,17,3,9
BRDA:92,17,4,9
BRDA:92,17,5,0
BRDA:99,18,0,11
BRDA:99,18,1,0
BRDA:99,19,0,11
BRDA:99,19,1,0
BRDA:101,20,0,11
BRDA:101,20,1,0
BRDA:102,21,0,11
BRDA:102,21,1,0
BRDA:128,22,0,2
BRDA:128,22,1,74
BRDA:132,23,0,9
BRDA:132,23,1,0
BRDA:132,24,0,9
BRDA:132,24,1,9
BRDA:134,25,0,0
BRDA:134,25,1,14
BRDA:134,26,0,14
BRDA:134,26,1,14
BRDA:135,27,0,14
BRDA:135,27,1,9
BRDA:135,27,2,9
BRDA:137,28,0,5
BRDA:137,28,1,9
BRDA:149,29,0,10
BRDA:149,29,1,10
BRDA:150,30,0,10
BRDA:150,30,1,10
BRDA:151,31,0,10
BRDA:151,31,1,10
BRDA:156,32,0,10
BRDA:156,32,1,2
BRDA:158,33,0,10
BRDA:158,33,1,3
BRDA:159,34,0,10
BRDA:159,34,1,10
BRDA:159,35,0,10
BRDA:159,35,1,10
BRDA:161,36,0,10
BRDA:161,36,1,8
BRDA:161,37,0,10
BRDA:161,37,1,10
BRDA:162,38,0,10
BRDA:162,38,1,3
BRDA:164,39,0,10
BRDA:164,39,1,10
BRDA:164,40,0,10
BRDA:164,40,1,10
BRDA:165,41,0,10
BRDA:165,41,1,10
BRDA:165,42,0,10
BRDA:165,42,1,10
BRDA:168,43,0,10
BRDA:168,43,1,10
BRDA:168,44,0,10
BRDA:168,44,1,10
BRDA:168,44,2,10
BRDA:169,45,0,10
BRDA:169,45,1,2
BRDA:169,46,0,10
BRDA:169,46,1,3
BRDA:169,46,2,2
BRDA:171,47,0,10
BRDA:171,47,1,10
BRDA:171,48,0,10
BRDA:171,48,1,10
BRDA:171,48,2,10
BRDA:173,49,0,10
BRDA:173,49,1,10
BRDA:173,49,2,10
BRDA:173,49,3,9
BRDA:173,49,4,2
BRDA:173,49,5,2
BRDA:173,49,6,2
BRDA:181,50,0,10
BRDA:181,50,1,10
BRDA:181,51,0,10
BRDA:181,51,1,10
BRDA:183,52,0,10
BRDA:183,52,1,10
BRDA:183,52,2,10
BRDA:183,52,3,10
BRDA:189,53,0,10
BRDA:189,53,1,10
BRDA:189,53,2,10
BRDA:189,54,0,0
BRDA:189,54,1,10
BRDA:193,55,0,10
BRDA:193,55,1,10
BRDA:193,56,0,10
BRDA:193,56,1,10
BRDA:195,57,0,10
BRDA:195,57,1,2
BRDA:196,58,0,10
BRDA:196,58,1,2
BRDA:198,59,0,10
BRDA:198,59,1,10
BRDA:198,60,0,10
BRDA:198,60,1,10
BRDA:206,61,0,8
BRDA:206,61,1,2
BRDA:212,62,0,6
BRDA:212,62,1,2
BRDA:212,62,2,2
BRDA:213,63,0,2
BRDA:213,63,1,2
BRDA:214,64,0,2
BRDA:214,64,1,1
BRDA:223,65,0,2
BRDA:224,66,0,2
BRDA:234,67,0,1
BRDA:234,67,1,8
BRDA:235,68,0,1
BRDA:235,68,1,8
BRDA:244,69,0,2
BRDA:244,69,1,7
BRDA:244,70,0,9
BRDA:244,70,1,7
BRDA:246,71,0,1
BRDA:246,71,1,1
BRDA:246,72,0,2
BRDA:246,72,1,2
BRDA:246,72,2,1
BRDA:247,73,0,1
BRDA:247,73,1,0
BRDA:255,74,0,6
BRDA:255,74,1,1
BRDA:259,75,0,1
BRDA:259,75,1,5
BRDA:259,76,0,6
BRDA:259,76,1,6
BRDA:259,76,2,6
BRDA:261,77,0,1
BRDA:261,77,1,0
BRDA:269,78,0,1
BRDA:269,78,1,0
BRDA:269,79,0,1
BRDA:269,79,1,1
BRDA:271,80,0,0
BRDA:271,80,1,1
BRDA:271,81,0,1
BRDA:271,81,1,1
BRDA:271,81,2,1
BRDA:272,82,0,0
BRDA:272,82,1,0
BRDA:287,83,0,0
BRDA:289,84,0,0
BRDA:289,84,1,0
BRF:191
BRH:171
end_of_record
TN:
SF:src\components\SearchForm.tsx
FN:21,SearchForm
FN:39,(anonymous_1)
FN:44,(anonymous_2)
FNF:3
FNH:3
FNDA:19,SearchForm
FNDA:266,(anonymous_1)
FNDA:2,(anonymous_2)
DA:16,2
DA:29,19
DA:31,19
DA:40,266
DA:41,266
DA:44,2
DA:84,2
LF:7
LH:7
BRDA:23,0,0,0
BRDA:45,1,0,266
BRDA:45,1,1,19
BRDA:47,2,0,266
BRDA:47,2,1,19
BRDA:53,3,0,18
BRDA:53,3,1,1
BRDA:76,4,0,19
BRDA:76,4,1,3
BRDA:78,5,0,3
BRDA:78,5,1,16
BRF:11
BRH:10
end_of_record
TN:
SF:src\components\VolatilityLineChart.tsx
FN:10,VolatilityLineChart
FN:21,(anonymous_1)
FN:33,(anonymous_2)
FN:34,(anonymous_3)
FN:42,(anonymous_4)
FN:43,(anonymous_5)
FN:48,(anonymous_6)
FN:56,(anonymous_7)
FN:70,(anonymous_8)
FN:109,(anonymous_9)
FN:133,(anonymous_10)
FN:152,(anonymous_11)
FNF:12
FNH:0
FNDA:0,VolatilityLineChart
FNDA:0,(anonymous_1)
FNDA:0,(anonymous_2)
FNDA:0,(anonymous_3)
FNDA:0,(anonymous_4)
FNDA:0,(anonymous_5)
FNDA:0,(anonymous_6)
FNDA:0,(anonymous_7)
FNDA:0,(anonymous_8)
FNDA:0,(anonymous_9)
FNDA:0,(anonymous_10)
FNDA:0,(anonymous_11)
DA:11,0
DA:12,0
DA:21,0
DA:26,0
DA:27,0
DA:28,0
DA:30,0
DA:31,0
DA:33,0
DA:34,0
DA:37,0
DA:38,0
DA:40,0
DA:42,0
DA:43,0
DA:44,0
DA:45,0
DA:48,0
DA:55,0
DA:56,0
DA:59,0
DA:62,0
DA:64,0
DA:71,0
DA:72,0
DA:110,0
DA:111,0
DA:134,0
DA:135,0
DA:153,0
DA:169,0
LF:31
LH:0
BRDA:11,0,0,0
BRDA:11,0,1,0
BRDA:40,1,0,0
BRDA:40,1,1,0
BRDA:56,2,0,0
BRDA:56,2,1,0
BRDA:117,3,0,0
BRDA:117,3,1,0
BRDA:123,4,0,0
BRDA:123,4,1,0
BRDA:126,5,0,0
BRDA:126,5,1,0
BRDA:134,6,0,0
BRDA:134,6,1,0
BRDA:156,7,0,0
BRDA:156,7,1,0
BRDA:158,8,0,0
BRDA:158,8,1,0
BRDA:159,9,0,0
BRDA:159,9,1,0
BRF:20
BRH:0
end_of_record
TN:
SF:src\components\VolatilityPeriodLineChart.tsx
FN:27,VolatilityPeriodLineChart
FN:37,(anonymous_1)
FN:40,(anonymous_2)
FN:52,(anonymous_3)
FN:75,ChartLayout
FN:79,(anonymous_5)
FN:81,(anonymous_6)
FN:81,(anonymous_7)
FN:87,(anonymous_8)
FN:87,(anonymous_9)
FN:88,(anonymous_10)
FN:114,(anonymous_11)
FN:115,(anonymous_12)
FN:120,(anonymous_13)
FN:121,(anonymous_14)
FN:133,(anonymous_15)
FN:161,(anonymous_16)
FN:174,(anonymous_17)
FN:176,(anonymous_18)
FN:184,(anonymous_19)
FN:190,(anonymous_20)
FN:197,(anonymous_21)
FN:228,(anonymous_22)
FNF:23
FNH:0
FNDA:0,VolatilityPeriodLineChart
FNDA:0,(anonymous_1)
FNDA:0,(anonymous_2)
FNDA:0,(anonymous_3)
FNDA:0,ChartLayout
FNDA:0,(anonymous_5)
FNDA:0,(anonymous_6)
FNDA:0,(anonymous_7)
FNDA:0,(anonymous_8)
FNDA:0,(anonymous_9)
FNDA:0,(anonymous_10)
FNDA:0,(anonymous_11)
FNDA:0,(anonymous_12)
FNDA:0,(anonymous_13)
FNDA:0,(anonymous_14)
FNDA:0,(anonymous_15)
FNDA:0,(anonymous_16)
FNDA:0,(anonymous_17)
FNDA:0,(anonymous_18)
FNDA:0,(anonymous_19)
FNDA:0,(anonymous_20)
FNDA:0,(anonymous_21)
FNDA:0,(anonymous_22)
DA:12,0
DA:13,0
DA:32,0
DA:38,0
DA:40,0
DA:53,0
DA:76,0
DA:78,0
DA:80,0
DA:81,0
DA:87,0
DA:88,0
DA:90,0
DA:91,0
DA:94,0
DA:95,0
DA:96,0
DA:97,0
DA:100,0
DA:101,0
DA:102,0
DA:103,0
DA:105,0
DA:106,0
DA:107,0
DA:108,0
DA:109,0
DA:110,0
DA:112,0
DA:114,0
DA:115,0
DA:116,0
DA:117,0
DA:120,0
DA:121,0
DA:122,0
DA:127,0
DA:129,0
DA:133,0
DA:134,0
DA:136,0
DA:137,0
DA:139,0
DA:140,0
DA:142,0
DA:143,0
DA:145,0
DA:146,0
DA:148,0
DA:151,0
DA:162,0
DA:163,0
DA:175,0
DA:176,0
DA:184,0
DA:186,0
DA:192,0
DA:194,0
DA:198,0
DA:229,0
DA:230,0
DA:233,0
DA:234,0
DA:235,0
DA:237,0
DA:239,0
DA:240,0
DA:317,0
LF:68
LH:0
BRDA:41,0,0,0
BRDA:41,0,1,0
BRDA:43,1,0,0
BRDA:43,1,1,0
BRDA:44,2,0,0
BRDA:44,2,1,0
BRDA:50,3,0,0
BRDA:50,3,1,0
BRDA:66,4,0,0
BRDA:66,4,1,0
BRDA:81,5,0,0
BRDA:81,5,1,0
BRDA:112,6,0,0
BRDA:112,6,1,0
BRDA:122,7,0,0
BRDA:122,7,1,0
BRDA:123,8,0,0
BRDA:123,8,1,0
BRDA:123,8,2,0
BRDA:134,9,0,0
BRDA:134,9,1,0
BRDA:142,10,0,0
BRDA:142,10,1,0
BRDA:143,11,0,0
BRDA:143,11,1,0
BRDA:145,12,0,0
BRDA:145,12,1,0
BRDA:146,13,0,0
BRDA:146,13,1,0
BRDA:184,14,0,0
BRDA:184,14,1,0
BRDA:192,15,0,0
BRDA:192,15,1,0
BRDA:215,16,0,0
BRDA:215,16,1,0
BRDA:218,17,0,0
BRDA:218,17,1,0
BRDA:233,18,0,0
BRDA:233,18,1,0
BRDA:235,19,0,0
BRDA:235,19,1,0
BRDA:237,20,0,0
BRDA:237,20,1,0
BRDA:255,21,0,0
BRDA:255,21,1,0
BRDA:288,22,0,0
BRDA:288,22,1,0
BRDA:299,23,0,0
BRDA:299,23,1,0
BRDA:301,24,0,0
BRDA:301,24,1,0
BRF:51
BRH:0
end_of_record
TN:
SF:src\screens\MarketPriceScreen.tsx
FN:6,MarketPriceScreen
FNF:1
FNH:0
FNDA:0,MarketPriceScreen
DA:7,0
LF:1
LH:0
BRF:0
BRH:0
end_of_record
TN:
SF:src\screens\PriceListScreen.tsx
FN:6,PriceCard
FN:38,PriceListScreen
FN:41,(anonymous_2)
FN:42,(anonymous_3)
FN:74,(anonymous_4)
FN:75,(anonymous_5)
FNF:6
FNH:6
FNDA:3,PriceCard
FNDA:5,PriceListScreen
FNDA:5,(anonymous_2)
FNDA:4,(anonymous_3)
FNDA:6,(anonymous_4)
FNDA:3,(anonymous_5)
DA:7,3
DA:39,5
DA:41,5
DA:42,5
DA:43,4
DA:44,2
DA:46,2
DA:50,2
DA:52,3
DA:56,5
DA:57,4
DA:58,3
DA:60,2
DA:74,6
DA:75,3
LF:15
LH:15
BRDA:18,0,0,1
BRDA:18,0,1,2
BRDA:21,1,0,3
BRDA:21,1,1,0
BRDA:25,2,0,1
BRDA:25,2,1,2
BRDA:26,3,0,1
BRDA:26,3,1,2
BRDA:32,4,0,3
BRDA:32,4,1,0
BRDA:43,5,0,2
BRDA:43,5,1,2
BRDA:46,6,0,2
BRDA:46,6,1,1
BRDA:46,6,2,1
BRDA:46,6,3,1
BRDA:47,7,0,1
BRDA:47,7,1,1
BRDA:48,8,0,1
BRDA:48,8,1,1
BRDA:49,9,0,1
BRDA:49,9,1,0
BRDA:50,10,0,1
BRDA:50,10,1,1
BRDA:56,11,0,1
BRDA:56,11,1,4
BRDA:57,12,0,1
BRDA:57,12,1,3
BRDA:58,13,0,1
BRDA:58,13,1,2
BRDA:66,14,0,2
BRDA:66,14,1,0
BRDA:74,15,0,6
BRDA:74,15,1,6
BRF:34
BRH:30
end_of_record
TN:
SF:src\screens\SearchScreen.tsx
FN:6,SearchScreen
FN:38,(anonymous_1)
FN:43,(anonymous_2)
FNF:3
FNH:3
FNDA:10,SearchScreen
FNDA:40,(anonymous_1)
FNDA:3,(anonymous_2)
DA:17,10
DA:19,10
DA:26,10
DA:39,40
DA:40,40
DA:43,3
LF:6
LH:6
BRDA:43,0,0,1
BRDA:43,0,1,2
BRDA:46,1,0,1
BRDA:46,1,1,39
BRDA:47,2,0,1
BRDA:47,2,1,39
BRDA:59,3,0,1
BRDA:59,3,1,9
BRF:8
BRH:8
end_of_record
TN:
SF:src\screens\VolatilityGraphScreen.tsx
FN:16,VolatilityGraphScreen
FN:28,(anonymous_1)
FN:40,(anonymous_2)
FN:48,(anonymous_3)
FN:53,(anonymous_4)
FN:54,(anonymous_5)
FN:54,(anonymous_6)
FN:57,(anonymous_7)
FN:66,(anonymous_8)
FN:69,load
FN:113,(anonymous_10)
FN:143,(anonymous_11)
FN:146,(anonymous_12)
FNF:13
FNH:0
FNDA:0,VolatilityGraphScreen
FNDA:0,(anonymous_1)
FNDA:0,(anonymous_2)
FNDA:0,(anonymous_3)
FNDA:0,(anonymous_4)
FNDA:0,(anonymous_5)
FNDA:0,(anonymous_6)
FNDA:0,(anonymous_7)
FNDA:0,(anonymous_8)
FNDA:0,load
FNDA:0,(anonymous_10)
FNDA:0,(anonymous_11)
FNDA:0,(anonymous_12)
DA:17,0
DA:18,0
DA:19,0
DA:20,0
DA:22,0
DA:23,0
DA:24,0
DA:26,0
DA:28,0
DA:29,0
DA:30,0
DA:32,0
DA:33,0
DA:34,0
DA:38,0
DA:39,0
DA:40,0
DA:43,0
DA:44,0
DA:45,0
DA:48,0
DA:49,0
DA:50,0
DA:53,0
DA:54,0
DA:57,0
DA:58,0
DA:59,0
DA:60,0
DA:62,0
DA:63,0
DA:66,0
DA:67,0
DA:70,0
DA:71,0
DA:72,0
DA:75,0
DA:76,0
DA:77,0
DA:79,0
DA:82,0
DA:83,0
DA:85,0
DA:91,0
DA:93,0
DA:94,0
DA:95,0
DA:96,0
DA:98,0
DA:102,0
DA:103,0
DA:104,0
DA:107,0
DA:111,0
DA:113,0
DA:114,0
DA:118,0
DA:144,0
DA:146,0
DA:177,0
LF:60
LH:0
BRDA:26,0,0,0
BRDA:26,0,1,0
BRDA:30,1,0,0
BRDA:30,1,1,0
BRDA:32,2,0,0
BRDA:32,2,1,0
BRDA:43,3,0,0
BRDA:43,3,1,0
BRDA:58,4,0,0
BRDA:58,4,1,0
BRDA:70,5,0,0
BRDA:70,5,1,0
BRDA:71,6,0,0
BRDA:71,6,1,0
BRDA:93,7,0,0
BRDA:93,7,1,0
BRDA:94,8,0,0
BRDA:94,8,1,0
BRDA:102,9,0,0
BRDA:102,9,1,0
BRDA:103,10,0,0
BRDA:103,10,1,0
BRDA:107,11,0,0
BRDA:107,11,1,0
BRDA:136,12,0,0
BRDA:136,12,1,0
BRDA:155,13,0,0
BRDA:155,13,1,0
BRDA:162,14,0,0
BRDA:162,14,1,0
BRDA:163,15,0,0
BRDA:163,15,1,0
BRDA:165,16,0,0
BRDA:165,16,1,0
BRDA:165,16,2,0
BRF:35
BRH:0
end_of_record
TN:
SF:src\store\usePriceSearchStore.ts
FN:28,yyyymmddToDate
FN:34,dateToYyyymmdd
FN:40,minusDays
FN:46,normalizeMarketName
FN:70,marketMatchesRegion
FN:73,(anonymous_5)
FN:76,getMarketCodesByRegion
FN:94,(anonymous_7)
FN:96,(anonymous_8)
FN:97,(anonymous_9)
FN:106,chunk
FN:112,makeProductKey
FN:121,aggregateRows
FN:160,(anonymous_13)
FN:183,(anonymous_14)
FN:194,(anonymous_15)
FN:195,(anonymous_16)
FN:197,(anonymous_17)
FN:205,(anonymous_18)
FN:207,(anonymous_19)
FN:215,(anonymous_20)
FN:255,(anonymous_21)
FN:290,(anonymous_22)
FN:298,shuffleArray
FNF:24
FNH:21
FNDA:305,yyyymmddToDate
FNDA:305,dateToYyyymmdd
FNDA:305,minusDays
FNDA:2,normalizeMarketName
FNDA:2,marketMatchesRegion
FNDA:2,(anonymous_5)
FNDA:5,getMarketCodesByRegion
FNDA:8,(anonymous_7)
FNDA:2,(anonymous_8)
FNDA:2,(anonymous_9)
FNDA:64,chunk
FNDA:6,makeProductKey
FNDA:3,aggregateRows
FNDA:5,(anonymous_13)
FNDA:1,(anonymous_14)
FNDA:0,(anonymous_15)
FNDA:0,(anonymous_16)
FNDA:1,(anonymous_17)
FNDA:0,(anonymous_18)
FNDA:6,(anonymous_19)
FNDA:5,(anonymous_20)
FNDA:70,(anonymous_21)
FNDA:4,(anonymous_22)
FNDA:3,shuffleArray
DA:29,305
DA:30,305
DA:31,305
DA:32,305
DA:35,305
DA:36,305
DA:37,305
DA:38,305
DA:41,305
DA:42,305
DA:43,305
DA:47,2
DA:54,1
DA:71,2
DA:72,2
DA:73,2
DA:77,5
DA:79,5
DA:80,65
DA:82,65
DA:83,65
DA:84,65
DA:86,0
DA:89,65
DA:93,4
DA:94,8
DA:96,2
DA:97,2
DA:99,4
DA:100,4
DA:103,1
DA:107,64
DA:108,65
DA:109,64
DA:113,6
DA:122,3
DA:133,3
DA:134,6
DA:135,6
DA:137,6
DA:138,5
DA:147,6
DA:148,6
DA:149,6
DA:151,6
DA:152,6
DA:153,6
DA:155,0
DA:156,0
DA:160,3
DA:162,5
DA:166,5
DA:168,5
DA:169,5
DA:170,1
DA:173,5
DA:183,1
DA:194,0
DA:195,0
DA:198,1
DA:199,1
DA:205,0
DA:208,6
DA:210,6
DA:211,1
DA:212,1
DA:215,5
DA:216,5
DA:217,5
DA:218,5
DA:219,5
DA:220,5
DA:223,5
DA:225,5
DA:226,1
DA:232,1
DA:235,4
DA:236,240
DA:238,4
DA:246,4
DA:247,4
DA:248,4
DA:250,4
DA:251,64
DA:253,64
DA:254,65
DA:256,70
DA:265,65
DA:266,70
DA:270,64
DA:271,3
DA:272,3
DA:273,3
DA:277,4
DA:278,1
DA:285,1
DA:288,3
DA:289,3
DA:291,4
DA:299,3
DA:300,3
DA:301,2
DA:302,2
DA:304,3
DA:306,3
DA:307,3
DA:311,3
DA:318,0
DA:319,0
LF:109
LH:101
BRDA:47,0,0,2
BRDA:47,0,1,0
BRDA:72,1,0,2
BRDA:72,1,1,0
BRDA:73,2,0,2
BRDA:73,2,1,2
BRDA:89,3,0,61
BRDA:89,3,1,4
BRDA:93,4,0,2
BRDA:93,4,1,2
BRDA:100,5,0,4
BRDA:100,5,1,0
BRDA:115,6,0,6
BRDA:115,6,1,4
BRDA:116,7,0,6
BRDA:116,7,1,4
BRDA:117,8,0,6
BRDA:117,8,1,4
BRDA:135,9,0,6
BRDA:135,9,1,0
BRDA:137,10,0,5
BRDA:137,10,1,1
BRDA:151,11,0,6
BRDA:151,11,1,0
BRDA:162,12,0,5
BRDA:162,12,1,0
BRDA:169,13,0,1
BRDA:169,13,1,4
BRDA:210,14,0,1
BRDA:210,14,1,5
BRDA:225,15,0,1
BRDA:225,15,1,4
BRDA:228,16,0,0
BRDA:228,16,1,1
BRDA:266,17,0,69
BRDA:266,17,1,1
BRDA:270,18,0,3
BRDA:270,18,1,61
BRDA:277,19,0,1
BRDA:277,19,1,3
BRDA:277,20,0,4
BRDA:277,20,1,3
BRDA:289,21,0,1
BRDA:289,21,1,2
BRDA:292,22,0,4
BRDA:292,22,1,2
BRDA:292,22,2,2
BRDA:293,23,0,2
BRDA:293,23,1,0
BRDA:294,24,0,2
BRDA:294,24,1,2
BRF:51
BRH:43
end_of_record
TN:
SF:src\types\agriPrice.ts
FNF:0
FNH:0
LF:0
LH:0
BRF:0
BRH:0
end_of_record
TN:
SF:src\utils\period.ts
FN:3,getDaysFromPeriod
FNF:1
FNH:1
FNDA:3,getDaysFromPeriod
DA:4,3
DA:6,1
DA:8,1
DA:10,1
LF:4
LH:4
BRDA:4,0,0,1
BRDA:4,0,1,1
BRDA:4,0,2,1
BRF:3
BRH:3
end_of_record
TN:
SF:src\utils\priceVolatility.ts
FN:8,avg
FN:10,(anonymous_1)
FN:13,getTopVolatileItems
FN:50,(anonymous_3)
FN:51,(anonymous_4)
FN:52,(anonymous_5)
FN:75,(anonymous_6)
FNF:7
FNH:7
FNDA:16,avg
FNDA:18,(anonymous_1)
FNDA:6,getTopVolatileItems
FNDA:16,(anonymous_3)
FNDA:16,(anonymous_4)
FNDA:7,(anonymous_5)
FNDA:5,(anonymous_6)
DA:9,16
DA:10,18
DA:17,6
DA:26,6
DA:27,10
DA:28,20
DA:29,20
DA:30,20
DA:32,20
DA:33,9
DA:40,20
DA:41,20
DA:42,20
DA:46,6
DA:48,6
DA:49,9
DA:50,16
DA:51,16
DA:52,7
DA:54,9
DA:56,7
DA:57,7
DA:58,7
DA:60,7
DA:61,7
DA:63,7
DA:74,6
DA:75,5
LF:28
LH:28
BRDA:9,0,0,0
BRDA:9,0,1,16
BRDA:15,1,0,0
BRDA:28,2,0,20
BRDA:28,2,1,0
BRDA:29,3,0,20
BRDA:29,3,1,14
BRDA:32,4,0,9
BRDA:32,4,1,11
BRDA:41,5,0,16
BRDA:41,5,1,4
BRDA:42,6,0,18
BRDA:42,6,1,2
BRDA:54,7,0,2
BRDA:54,7,1,7
BRDA:58,8,0,0
BRDA:58,8,1,7
BRF:17
BRH:13
end_of_record
TN:
SF:src\utils\priceVolatilitySeries.ts
FN:8,avg
FN:10,(anonymous_1)
FN:14,buildSeriesByKeywords
FN:19,(anonymous_3)
FN:27,(anonymous_4)
FN:33,(anonymous_5)
FN:34,(anonymous_6)
FN:46,(anonymous_7)
FN:47,(anonymous_8)
FN:54,(anonymous_9)
FN:55,(anonymous_10)
FN:62,(anonymous_11)
FN:78,(anonymous_12)
FNF:13
FNH:13
FNDA:26,avg
FNDA:26,(anonymous_1)
FNDA:8,buildSeriesByKeywords
FNDA:16,(anonymous_3)
FNDA:14,(anonymous_4)
FNDA:26,(anonymous_5)
FNDA:80,(anonymous_6)
FNDA:28,(anonymous_7)
FNDA:28,(anonymous_8)
FNDA:26,(anonymous_9)
FNDA:11,(anonymous_10)
FNDA:22,(anonymous_11)
FNDA:14,(anonymous_12)
DA:9,26
DA:10,26
DA:18,8
DA:19,16
DA:24,8
DA:26,8
DA:28,14
DA:29,14
DA:30,14
DA:32,14
DA:34,26
DA:35,80
DA:36,80
DA:37,80
DA:38,80
DA:45,26
DA:46,28
DA:47,28
DA:49,26
DA:54,26
DA:55,11
DA:57,14
DA:59,11
DA:60,11
DA:62,22
DA:68,11
DA:70,11
DA:78,14
LF:28
LH:28
BRDA:9,0,0,2
BRDA:9,0,1,24
BRDA:28,1,0,14
BRDA:28,1,1,12
BRDA:30,2,0,2
BRDA:30,2,1,12
BRDA:35,3,0,80
BRDA:35,3,1,0
BRDA:36,4,0,80
BRDA:36,4,1,79
BRDA:37,5,0,80
BRDA:37,5,1,79
BRDA:39,6,0,80
BRDA:39,6,1,54
BRDA:39,6,2,53
BRDA:47,7,0,28
BRDA:47,7,1,28
BRDA:57,8,0,3
BRDA:57,8,1,11
BRDA:60,9,0,0
BRDA:60,9,1,11
BRDA:68,10,0,11
BRDA:68,10,1,0
BRF:23
BRH:20
end_of_record
TN:
SF:src\utils\sortAuctionItems.ts
FN:5,sortAuctionItems
FN:10,(anonymous_1)
FN:12,(anonymous_2)
FN:14,(anonymous_3)
FN:16,(anonymous_4)
FNF:5
FNH:5
FNDA:9,sortAuctionItems
FNDA:4,(anonymous_1)
FNDA:7,(anonymous_2)
FNDA:4,(anonymous_3)
FNDA:4,(anonymous_4)
DA:6,9
DA:8,9
DA:10,4
DA:12,7
DA:14,4
DA:16,4
DA:19,3
LF:7
LH:7
BRDA:8,0,0,1
BRDA:8,0,1,3
BRDA:8,0,2,1
BRDA:8,0,3,1
BRDA:8,0,4,3
BRDA:8,0,5,3
BRDA:14,1,0,4
BRDA:14,1,1,0
BRDA:14,2,0,4
BRDA:14,2,1,0
BRDA:16,3,0,4
BRDA:16,3,1,0
BRDA:16,4,0,4
BRDA:16,4,1,0
BRF:14
BRH:10
end_of_record
