TN:
SF:src\api\agriPriceApi.ts
FN:14,toNumber
FN:20,toOptionalNumber
FN:26,toStr
FN:30,asArray
FN:40,extractApiResultInfo
FN:96,extractRowsFromParsedXml
FN:130,mapRow
FN:184,filterRowsByProductName
FN:193,(anonymous_8)
FN:200,fetchAuctionPrices
FN:264,fetchRecentVolatilityData
FN:283,(anonymous_11)
FN:294,(anonymous_12)
FN:297,(anonymous_13)
FNF:14
FNH:10
FNDA:19,toNumber
FNDA:18,toOptionalNumber
FNDA:229,toStr
FNDA:70,asArray
FNDA:8,extractApiResultInfo
FNDA:8,extractRowsFromParsedXml
FNDA:7,mapRow
FNDA:7,filterRowsByProductName
FNDA:6,(anonymous_8)
FNDA:5,fetchAuctionPrices
FNDA:0,fetchRecentVolatilityData
FNDA:0,(anonymous_11)
FNDA:0,(anonymous_12)
FNDA:0,(anonymous_13)
DA:6,2
DA:8,2
DA:15,19
DA:16,17
DA:17,17
DA:21,18
DA:22,7
DA:23,7
DA:27,229
DA:31,70
DA:32,5
DA:42,8
DA:52,8
DA:53,8
DA:54,13
DA:55,12
DA:56,12
DA:57,12
DA:58,12
DA:62,8
DA:63,59
DA:66,7
DA:74,7
DA:81,7
DA:82,7
DA:89,1
DA:97,8
DA:108,8
DA:109,59
DA:110,59
DA:114,7
DA:115,7
DA:116,11
DA:117,11
DA:118,11
DA:119,11
DA:123,3
DA:131,7
DA:132,7
DA:133,7
DA:135,7
DA:137,7
DA:188,7
DA:190,3
DA:192,3
DA:194,6
DA:207,5
DA:209,5
DA:223,5
DA:226,5
DA:227,0
DA:228,0
DA:229,0
DA:232,0
DA:233,0
DA:237,5
DA:238,5
DA:240,5
DA:241,5
DA:243,1
DA:246,4
DA:247,4
DA:251,0
DA:252,0
DA:253,0
DA:254,0
DA:257,0
DA:258,0
DA:261,0
DA:269,0
DA:271,0
DA:272,0
DA:274,0
DA:275,0
DA:277,0
DA:283,0
DA:290,0
DA:292,0
DA:295,0
DA:297,0
LF:80
LH:57
BRDA:15,0,0,2
BRDA:15,0,1,17
BRDA:17,1,0,16
BRDA:17,1,1,1
BRDA:21,2,0,11
BRDA:21,2,1,7
BRDA:21,3,0,18
BRDA:21,3,1,10
BRDA:23,4,0,7
BRDA:23,4,1,0
BRDA:27,5,0,190
BRDA:27,5,1,39
BRDA:31,6,0,65
BRDA:31,6,1,5
BRDA:32,7,0,4
BRDA:32,7,1,1
BRDA:52,8,0,8
BRDA:52,8,1,0
BRDA:52,9,0,8
BRDA:52,9,1,8
BRDA:54,10,0,1
BRDA:54,10,1,12
BRDA:54,11,0,13
BRDA:54,11,1,13
BRDA:63,12,0,52
BRDA:63,12,1,7
BRDA:63,13,0,59
BRDA:63,13,1,7
BRDA:66,14,0,7
BRDA:66,14,1,7
BRDA:66,14,2,7
BRDA:66,14,3,7
BRDA:66,14,4,7
BRDA:66,14,5,0
BRDA:74,15,0,7
BRDA:74,15,1,7
BRDA:74,15,2,7
BRDA:74,15,3,7
BRDA:74,15,4,7
BRDA:74,15,5,0
BRDA:81,16,0,7
BRDA:81,16,1,0
BRDA:81,17,0,7
BRDA:81,17,1,0
BRDA:83,18,0,7
BRDA:83,18,1,0
BRDA:84,19,0,7
BRDA:84,19,1,0
BRDA:110,20,0,1
BRDA:110,20,1,58
BRDA:114,21,0,7
BRDA:114,21,1,0
BRDA:114,22,0,7
BRDA:114,22,1,7
BRDA:116,23,0,0
BRDA:116,23,1,11
BRDA:116,24,0,11
BRDA:116,24,1,11
BRDA:117,25,0,11
BRDA:117,25,1,7
BRDA:117,25,2,7
BRDA:119,26,0,4
BRDA:119,26,1,7
BRDA:131,27,0,7
BRDA:131,27,1,7
BRDA:132,28,0,7
BRDA:132,28,1,7
BRDA:133,29,0,7
BRDA:133,29,1,7
BRDA:138,30,0,7
BRDA:138,30,1,0
BRDA:140,31,0,7
BRDA:140,31,1,1
BRDA:141,32,0,7
BRDA:141,32,1,7
BRDA:141,33,0,7
BRDA:141,33,1,7
BRDA:143,34,0,7
BRDA:143,34,1,7
BRDA:143,35,0,7
BRDA:143,35,1,7
BRDA:144,36,0,7
BRDA:144,36,1,1
BRDA:146,37,0,7
BRDA:146,37,1,7
BRDA:146,38,0,7
BRDA:146,38,1,7
BRDA:147,39,0,7
BRDA:147,39,1,7
BRDA:147,40,0,7
BRDA:147,40,1,7
BRDA:150,41,0,7
BRDA:150,41,1,7
BRDA:150,42,0,7
BRDA:150,42,1,7
BRDA:150,42,2,7
BRDA:151,43,0,7
BRDA:151,43,1,1
BRDA:151,44,0,7
BRDA:151,44,1,1
BRDA:151,44,2,1
BRDA:153,45,0,7
BRDA:153,45,1,7
BRDA:153,46,0,7
BRDA:153,46,1,7
BRDA:153,46,2,7
BRDA:155,47,0,7
BRDA:155,47,1,7
BRDA:155,47,2,7
BRDA:155,47,3,7
BRDA:155,47,4,1
BRDA:155,47,5,1
BRDA:155,47,6,1
BRDA:163,48,0,7
BRDA:163,48,1,7
BRDA:163,49,0,7
BRDA:163,49,1,7
BRDA:165,50,0,7
BRDA:165,50,1,7
BRDA:165,50,2,7
BRDA:165,50,3,7
BRDA:171,51,0,7
BRDA:171,51,1,7
BRDA:171,51,2,7
BRDA:171,52,0,0
BRDA:171,52,1,7
BRDA:175,53,0,7
BRDA:175,53,1,7
BRDA:175,54,0,7
BRDA:175,54,1,7
BRDA:177,55,0,7
BRDA:177,55,1,0
BRDA:178,56,0,7
BRDA:178,56,1,0
BRDA:180,57,0,7
BRDA:180,57,1,7
BRDA:180,58,0,7
BRDA:180,58,1,7
BRDA:188,59,0,4
BRDA:188,59,1,3
BRDA:194,60,0,6
BRDA:194,60,1,2
BRDA:194,60,2,2
BRDA:195,61,0,2
BRDA:195,61,1,2
BRDA:196,62,0,2
BRDA:196,62,1,1
BRDA:205,63,0,0
BRDA:206,64,0,0
BRDA:216,65,0,0
BRDA:216,65,1,5
BRDA:217,66,0,0
BRDA:217,66,1,5
BRDA:226,67,0,0
BRDA:226,67,1,5
BRDA:226,68,0,5
BRDA:226,68,1,5
BRDA:228,69,0,0
BRDA:228,69,1,0
BRDA:228,70,0,0
BRDA:228,70,1,0
BRDA:228,70,2,0
BRDA:229,71,0,0
BRDA:229,71,1,0
BRDA:237,72,0,5
BRDA:237,72,1,0
BRDA:241,73,0,1
BRDA:241,73,1,4
BRDA:241,74,0,5
BRDA:241,74,1,5
BRDA:241,74,2,5
BRDA:243,75,0,1
BRDA:243,75,1,0
BRDA:251,76,0,0
BRDA:251,76,1,0
BRDA:251,77,0,0
BRDA:251,77,1,0
BRDA:253,78,0,0
BRDA:253,78,1,0
BRDA:253,79,0,0
BRDA:253,79,1,0
BRDA:253,79,2,0
BRDA:254,80,0,0
BRDA:254,80,1,0
BRDA:269,81,0,0
BRDA:271,82,0,0
BRDA:271,82,1,0
BRF:187
BRH:145
end_of_record
TN:
SF:src\components\SearchForm.tsx
FN:15,SearchForm
FNF:1
FNH:1
FNDA:17,SearchForm
DA:25,17
DA:26,17
DA:28,17
DA:71,2
LF:4
LH:4
BRDA:19,0,0,0
BRDA:25,1,0,17
BRDA:25,1,1,16
BRDA:26,2,0,17
BRDA:26,2,1,16
BRDA:61,3,0,17
BRDA:61,3,1,3
BRDA:64,4,0,2
BRDA:64,4,1,15
BRF:9
BRH:8
end_of_record
TN:
SF:src\components\VolatilityLineChart.tsx
FN:10,VolatilityLineChart
FN:21,(anonymous_1)
FN:33,(anonymous_2)
FN:34,(anonymous_3)
FN:42,(anonymous_4)
FN:43,(anonymous_5)
FN:48,(anonymous_6)
FN:56,(anonymous_7)
FN:70,(anonymous_8)
FN:109,(anonymous_9)
FN:133,(anonymous_10)
FN:152,(anonymous_11)
FNF:12
FNH:0
FNDA:0,VolatilityLineChart
FNDA:0,(anonymous_1)
FNDA:0,(anonymous_2)
FNDA:0,(anonymous_3)
FNDA:0,(anonymous_4)
FNDA:0,(anonymous_5)
FNDA:0,(anonymous_6)
FNDA:0,(anonymous_7)
FNDA:0,(anonymous_8)
FNDA:0,(anonymous_9)
FNDA:0,(anonymous_10)
FNDA:0,(anonymous_11)
DA:11,0
DA:12,0
DA:21,0
DA:26,0
DA:27,0
DA:28,0
DA:30,0
DA:31,0
DA:33,0
DA:34,0
DA:37,0
DA:38,0
DA:40,0
DA:42,0
DA:43,0
DA:44,0
DA:45,0
DA:48,0
DA:55,0
DA:56,0
DA:59,0
DA:62,0
DA:64,0
DA:71,0
DA:72,0
DA:110,0
DA:111,0
DA:134,0
DA:135,0
DA:153,0
DA:169,0
LF:31
LH:0
BRDA:11,0,0,0
BRDA:11,0,1,0
BRDA:40,1,0,0
BRDA:40,1,1,0
BRDA:56,2,0,0
BRDA:56,2,1,0
BRDA:117,3,0,0
BRDA:117,3,1,0
BRDA:123,4,0,0
BRDA:123,4,1,0
BRDA:126,5,0,0
BRDA:126,5,1,0
BRDA:134,6,0,0
BRDA:134,6,1,0
BRDA:156,7,0,0
BRDA:156,7,1,0
BRDA:158,8,0,0
BRDA:158,8,1,0
BRDA:159,9,0,0
BRDA:159,9,1,0
BRF:20
BRH:0
end_of_record
TN:
SF:src\components\VolatilityPeriodLineChart.tsx
FN:27,VolatilityPeriodLineChart
FN:37,(anonymous_1)
FN:40,(anonymous_2)
FN:52,(anonymous_3)
FN:75,ChartLayout
FN:79,(anonymous_5)
FN:81,(anonymous_6)
FN:81,(anonymous_7)
FN:87,(anonymous_8)
FN:87,(anonymous_9)
FN:88,(anonymous_10)
FN:114,(anonymous_11)
FN:115,(anonymous_12)
FN:120,(anonymous_13)
FN:121,(anonymous_14)
FN:133,(anonymous_15)
FN:161,(anonymous_16)
FN:174,(anonymous_17)
FN:176,(anonymous_18)
FN:184,(anonymous_19)
FN:190,(anonymous_20)
FN:197,(anonymous_21)
FN:228,(anonymous_22)
FNF:23
FNH:0
FNDA:0,VolatilityPeriodLineChart
FNDA:0,(anonymous_1)
FNDA:0,(anonymous_2)
FNDA:0,(anonymous_3)
FNDA:0,ChartLayout
FNDA:0,(anonymous_5)
FNDA:0,(anonymous_6)
FNDA:0,(anonymous_7)
FNDA:0,(anonymous_8)
FNDA:0,(anonymous_9)
FNDA:0,(anonymous_10)
FNDA:0,(anonymous_11)
FNDA:0,(anonymous_12)
FNDA:0,(anonymous_13)
FNDA:0,(anonymous_14)
FNDA:0,(anonymous_15)
FNDA:0,(anonymous_16)
FNDA:0,(anonymous_17)
FNDA:0,(anonymous_18)
FNDA:0,(anonymous_19)
FNDA:0,(anonymous_20)
FNDA:0,(anonymous_21)
FNDA:0,(anonymous_22)
DA:12,0
DA:13,0
DA:32,0
DA:38,0
DA:40,0
DA:53,0
DA:76,0
DA:78,0
DA:80,0
DA:81,0
DA:87,0
DA:88,0
DA:90,0
DA:91,0
DA:94,0
DA:95,0
DA:96,0
DA:97,0
DA:100,0
DA:101,0
DA:102,0
DA:103,0
DA:105,0
DA:106,0
DA:107,0
DA:108,0
DA:109,0
DA:110,0
DA:112,0
DA:114,0
DA:115,0
DA:116,0
DA:117,0
DA:120,0
DA:121,0
DA:122,0
DA:127,0
DA:129,0
DA:133,0
DA:134,0
DA:136,0
DA:137,0
DA:139,0
DA:140,0
DA:142,0
DA:143,0
DA:145,0
DA:146,0
DA:148,0
DA:151,0
DA:162,0
DA:163,0
DA:175,0
DA:176,0
DA:184,0
DA:186,0
DA:192,0
DA:194,0
DA:198,0
DA:229,0
DA:230,0
DA:233,0
DA:234,0
DA:235,0
DA:237,0
DA:239,0
DA:240,0
DA:317,0
LF:68
LH:0
BRDA:41,0,0,0
BRDA:41,0,1,0
BRDA:43,1,0,0
BRDA:43,1,1,0
BRDA:44,2,0,0
BRDA:44,2,1,0
BRDA:50,3,0,0
BRDA:50,3,1,0
BRDA:66,4,0,0
BRDA:66,4,1,0
BRDA:81,5,0,0
BRDA:81,5,1,0
BRDA:112,6,0,0
BRDA:112,6,1,0
BRDA:122,7,0,0
BRDA:122,7,1,0
BRDA:123,8,0,0
BRDA:123,8,1,0
BRDA:123,8,2,0
BRDA:134,9,0,0
BRDA:134,9,1,0
BRDA:142,10,0,0
BRDA:142,10,1,0
BRDA:143,11,0,0
BRDA:143,11,1,0
BRDA:145,12,0,0
BRDA:145,12,1,0
BRDA:146,13,0,0
BRDA:146,13,1,0
BRDA:184,14,0,0
BRDA:184,14,1,0
BRDA:192,15,0,0
BRDA:192,15,1,0
BRDA:215,16,0,0
BRDA:215,16,1,0
BRDA:218,17,0,0
BRDA:218,17,1,0
BRDA:233,18,0,0
BRDA:233,18,1,0
BRDA:235,19,0,0
BRDA:235,19,1,0
BRDA:237,20,0,0
BRDA:237,20,1,0
BRDA:255,21,0,0
BRDA:255,21,1,0
BRDA:288,22,0,0
BRDA:288,22,1,0
BRDA:299,23,0,0
BRDA:299,23,1,0
BRDA:301,24,0,0
BRDA:301,24,1,0
BRF:51
BRH:0
end_of_record
TN:
SF:src\screens\MarketPriceScreen.tsx
FN:6,MarketPriceScreen
FNF:1
FNH:0
FNDA:0,MarketPriceScreen
DA:7,0
LF:1
LH:0
BRF:0
BRH:0
end_of_record
TN:
SF:src\screens\PriceListScreen.tsx
FN:5,PriceCard
FN:32,PriceListScreen
FN:55,(anonymous_2)
FN:56,(anonymous_3)
FNF:4
FNH:0
FNDA:0,PriceCard
FNDA:0,PriceListScreen
FNDA:0,(anonymous_2)
FNDA:0,(anonymous_3)
DA:6,0
DA:33,0
DA:35,0
DA:36,0
DA:39,0
DA:40,0
DA:43,0
DA:44,0
DA:47,0
DA:55,0
DA:56,0
LF:11
LH:0
BRDA:18,0,0,0
BRDA:18,0,1,0
BRDA:24,1,0,0
BRDA:24,1,1,0
BRDA:25,2,0,0
BRDA:25,2,1,0
BRDA:27,3,0,0
BRDA:27,3,1,0
BRDA:35,4,0,0
BRDA:35,4,1,0
BRDA:39,5,0,0
BRDA:39,5,1,0
BRDA:43,6,0,0
BRDA:43,6,1,0
BRDA:55,7,0,0
BRDA:55,7,1,0
BRF:16
BRH:0
end_of_record
TN:
SF:src\screens\SearchScreen.tsx
FN:6,SearchScreen
FN:50,(anonymous_1)
FN:55,(anonymous_2)
FNF:3
FNH:3
FNDA:9,SearchScreen
FNDA:36,(anonymous_1)
FNDA:1,(anonymous_2)
DA:19,9
DA:21,9
DA:28,9
DA:51,36
DA:52,36
DA:55,1
LF:6
LH:6
BRDA:58,0,0,0
BRDA:58,0,1,36
BRDA:59,1,0,0
BRDA:59,1,1,36
BRDA:65,2,0,0
BRDA:65,2,1,36
BRDA:71,3,0,1
BRDA:71,3,1,8
BRF:8
BRH:5
end_of_record
TN:
SF:src\screens\VolatilityGraphScreen.tsx
FN:16,VolatilityGraphScreen
FN:28,(anonymous_1)
FN:40,(anonymous_2)
FN:48,(anonymous_3)
FN:53,(anonymous_4)
FN:54,(anonymous_5)
FN:54,(anonymous_6)
FN:57,(anonymous_7)
FN:66,(anonymous_8)
FN:69,load
FN:113,(anonymous_10)
FN:143,(anonymous_11)
FN:146,(anonymous_12)
FNF:13
FNH:0
FNDA:0,VolatilityGraphScreen
FNDA:0,(anonymous_1)
FNDA:0,(anonymous_2)
FNDA:0,(anonymous_3)
FNDA:0,(anonymous_4)
FNDA:0,(anonymous_5)
FNDA:0,(anonymous_6)
FNDA:0,(anonymous_7)
FNDA:0,(anonymous_8)
FNDA:0,load
FNDA:0,(anonymous_10)
FNDA:0,(anonymous_11)
FNDA:0,(anonymous_12)
DA:17,0
DA:18,0
DA:19,0
DA:20,0
DA:22,0
DA:23,0
DA:24,0
DA:26,0
DA:28,0
DA:29,0
DA:30,0
DA:32,0
DA:33,0
DA:34,0
DA:38,0
DA:39,0
DA:40,0
DA:43,0
DA:44,0
DA:45,0
DA:48,0
DA:49,0
DA:50,0
DA:53,0
DA:54,0
DA:57,0
DA:58,0
DA:59,0
DA:60,0
DA:62,0
DA:63,0
DA:66,0
DA:67,0
DA:70,0
DA:71,0
DA:72,0
DA:75,0
DA:76,0
DA:77,0
DA:79,0
DA:82,0
DA:83,0
DA:85,0
DA:91,0
DA:93,0
DA:94,0
DA:95,0
DA:96,0
DA:98,0
DA:102,0
DA:103,0
DA:104,0
DA:107,0
DA:111,0
DA:113,0
DA:114,0
DA:118,0
DA:144,0
DA:146,0
DA:177,0
LF:60
LH:0
BRDA:26,0,0,0
BRDA:26,0,1,0
BRDA:30,1,0,0
BRDA:30,1,1,0
BRDA:32,2,0,0
BRDA:32,2,1,0
BRDA:43,3,0,0
BRDA:43,3,1,0
BRDA:58,4,0,0
BRDA:58,4,1,0
BRDA:70,5,0,0
BRDA:70,5,1,0
BRDA:71,6,0,0
BRDA:71,6,1,0
BRDA:93,7,0,0
BRDA:93,7,1,0
BRDA:94,8,0,0
BRDA:94,8,1,0
BRDA:102,9,0,0
BRDA:102,9,1,0
BRDA:103,10,0,0
BRDA:103,10,1,0
BRDA:107,11,0,0
BRDA:107,11,1,0
BRDA:136,12,0,0
BRDA:136,12,1,0
BRDA:155,13,0,0
BRDA:155,13,1,0
BRDA:162,14,0,0
BRDA:162,14,1,0
BRDA:163,15,0,0
BRDA:163,15,1,0
BRDA:165,16,0,0
BRDA:165,16,1,0
BRDA:165,16,2,0
BRF:35
BRH:0
end_of_record
TN:
SF:src\store\usePriceSearchStore.ts
FN:27,(anonymous_0)
FN:36,(anonymous_1)
FN:37,(anonymous_2)
FN:38,(anonymous_3)
FN:40,(anonymous_4)
FN:48,(anonymous_5)
FN:50,(anonymous_6)
FNF:7
FNH:4
FNDA:1,(anonymous_0)
FNDA:1,(anonymous_1)
FNDA:1,(anonymous_2)
FNDA:0,(anonymous_3)
FNDA:0,(anonymous_4)
FNDA:0,(anonymous_5)
FNDA:8,(anonymous_6)
DA:27,1
DA:36,1
DA:37,1
DA:38,0
DA:41,0
DA:42,0
DA:48,0
DA:51,8
DA:53,8
DA:54,3
DA:55,3
DA:58,5
DA:60,5
DA:61,5
DA:68,3
DA:73,2
DA:74,2
LF:17
LH:13
BRDA:53,0,0,3
BRDA:53,0,1,5
BRDA:53,1,0,8
BRDA:53,1,1,6
BRF:4
BRH:4
end_of_record
TN:
SF:src\types\agriPrice.ts
FNF:0
FNH:0
LF:0
LH:0
BRF:0
BRH:0
end_of_record
TN:
SF:src\utils\period.ts
FN:3,getDaysFromPeriod
FNF:1
FNH:0
FNDA:0,getDaysFromPeriod
DA:4,0
DA:6,0
DA:8,0
DA:10,0
LF:4
LH:0
BRDA:4,0,0,0
BRDA:4,0,1,0
BRDA:4,0,2,0
BRF:3
BRH:0
end_of_record
TN:
SF:src\utils\priceVolatility.ts
FN:8,avg
FN:10,(anonymous_1)
FN:13,getTopVolatileItems
FN:50,(anonymous_3)
FN:51,(anonymous_4)
FN:52,(anonymous_5)
FN:75,(anonymous_6)
FNF:7
FNH:0
FNDA:0,avg
FNDA:0,(anonymous_1)
FNDA:0,getTopVolatileItems
FNDA:0,(anonymous_3)
FNDA:0,(anonymous_4)
FNDA:0,(anonymous_5)
FNDA:0,(anonymous_6)
DA:9,0
DA:10,0
DA:17,0
DA:26,0
DA:27,0
DA:28,0
DA:29,0
DA:30,0
DA:32,0
DA:33,0
DA:40,0
DA:41,0
DA:42,0
DA:46,0
DA:48,0
DA:49,0
DA:50,0
DA:51,0
DA:52,0
DA:54,0
DA:56,0
DA:57,0
DA:58,0
DA:60,0
DA:61,0
DA:63,0
DA:74,0
DA:75,0
LF:28
LH:0
BRDA:9,0,0,0
BRDA:9,0,1,0
BRDA:15,1,0,0
BRDA:28,2,0,0
BRDA:28,2,1,0
BRDA:29,3,0,0
BRDA:29,3,1,0
BRDA:32,4,0,0
BRDA:32,4,1,0
BRDA:41,5,0,0
BRDA:41,5,1,0
BRDA:42,6,0,0
BRDA:42,6,1,0
BRDA:54,7,0,0
BRDA:54,7,1,0
BRDA:58,8,0,0
BRDA:58,8,1,0
BRF:17
BRH:0
end_of_record
TN:
SF:src\utils\priceVolatilitySeries.ts
FN:8,avg
FN:10,(anonymous_1)
FN:14,buildSeriesByKeywords
FN:19,(anonymous_3)
FN:27,(anonymous_4)
FN:33,(anonymous_5)
FN:34,(anonymous_6)
FN:46,(anonymous_7)
FN:47,(anonymous_8)
FN:54,(anonymous_9)
FN:55,(anonymous_10)
FN:62,(anonymous_11)
FN:78,(anonymous_12)
FNF:13
FNH:0
FNDA:0,avg
FNDA:0,(anonymous_1)
FNDA:0,buildSeriesByKeywords
FNDA:0,(anonymous_3)
FNDA:0,(anonymous_4)
FNDA:0,(anonymous_5)
FNDA:0,(anonymous_6)
FNDA:0,(anonymous_7)
FNDA:0,(anonymous_8)
FNDA:0,(anonymous_9)
FNDA:0,(anonymous_10)
FNDA:0,(anonymous_11)
FNDA:0,(anonymous_12)
DA:9,0
DA:10,0
DA:18,0
DA:19,0
DA:24,0
DA:26,0
DA:28,0
DA:29,0
DA:30,0
DA:32,0
DA:34,0
DA:35,0
DA:36,0
DA:37,0
DA:38,0
DA:45,0
DA:46,0
DA:47,0
DA:49,0
DA:54,0
DA:55,0
DA:57,0
DA:59,0
DA:60,0
DA:62,0
DA:68,0
DA:70,0
DA:78,0
LF:28
LH:0
BRDA:9,0,0,0
BRDA:9,0,1,0
BRDA:28,1,0,0
BRDA:28,1,1,0
BRDA:30,2,0,0
BRDA:30,2,1,0
BRDA:35,3,0,0
BRDA:35,3,1,0
BRDA:36,4,0,0
BRDA:36,4,1,0
BRDA:37,5,0,0
BRDA:37,5,1,0
BRDA:39,6,0,0
BRDA:39,6,1,0
BRDA:39,6,2,0
BRDA:47,7,0,0
BRDA:47,7,1,0
BRDA:57,8,0,0
BRDA:57,8,1,0
BRDA:60,9,0,0
BRDA:60,9,1,0
BRDA:68,10,0,0
BRDA:68,10,1,0
BRF:23
BRH:0
end_of_record
TN:
SF:src\utils\sortAuctionItems.ts
FN:5,sortAuctionItems
FN:10,(anonymous_1)
FN:12,(anonymous_2)
FN:14,(anonymous_3)
FN:16,(anonymous_4)
FNF:5
FNH:5
FNDA:8,sortAuctionItems
FNDA:4,(anonymous_1)
FNDA:5,(anonymous_2)
FNDA:4,(anonymous_3)
FNDA:4,(anonymous_4)
DA:6,8
DA:8,8
DA:10,4
DA:12,5
DA:14,4
DA:16,4
DA:19,3
LF:7
LH:7
BRDA:8,0,0,1
BRDA:8,0,1,2
BRDA:8,0,2,1
BRDA:8,0,3,1
BRDA:8,0,4,3
BRDA:8,0,5,3
BRDA:14,1,0,4
BRDA:14,1,1,0
BRDA:14,2,0,4
BRDA:14,2,1,0
BRDA:16,3,0,4
BRDA:16,3,1,0
BRDA:16,4,0,4
BRDA:16,4,1,0
BRF:14
BRH:10
end_of_record
